<?xml version="1.0" encoding="UTF-8"?>
<!-- Generated by org.testng.reporters.JUnitReportReporter -->
<testsuite hostname="BabuGNair" failures="0" tests="1" name="TestCases.TC001AccountRegister" time="20.165" errors="0" timestamp="2024-10-22T20:59:08 CEST" skipped="0">
  <testcase classname="TestCases.TC001AccountRegister" name="AccountRegister" time="20.165"/>
</testsuite> <!-- TestCases.TC001AccountRegister -->
