<?xml version="1.0" encoding="UTF-8"?>
<!-- Generated by org.testng.reporters.JUnitReportReporter -->
<testsuite hostname="BabuGNair" failures="0" tests="1" name="TestCases.TC002MyAccout" time="12.145" errors="0" timestamp="2024-11-06T17:46:19 CET" skipped="0">
  <testcase classname="TestCases.TC002MyAccout" name="MyAccountInfo" time="12.145"/>
</testsuite> <!-- TestCases.TC002MyAccout -->
