<?xml version="1.0" encoding="UTF-8"?>
<!-- Generated by org.testng.reporters.JUnitReportReporter -->
<testsuite hostname="BabuGNair" failures="0" tests="1" name="TestCases.TC002MyAccout" time="13.901" errors="0" timestamp="2024-10-22T21:22:50 CEST" skipped="0">
  <testcase classname="TestCases.TC002MyAccout" name="MyAccountInfo" time="13.901"/>
</testsuite> <!-- TestCases.TC002MyAccout -->
